<?xml version="1.0" encoding="UTF-8"?>
<!-- Generated by org.testng.reporters.JUnitReportReporter -->
<testsuite hostname="DESKTOP-U8K86ML" failures="0" tests="2" name="capstone.testcases.SearchProductTestcase" time="416.506" errors="0" timestamp="2023-06-21T15:51:39 IST" skipped="0">
  <testcase classname="capstone.testcases.SearchProductTestcase" name="callmethod" time="362.039"/>
  <system-out/>
  <testcase classname="capstone.testcases.SearchProductTestcase" name="callmethod" time="54.467"/>
  <system-out/>
</testsuite> <!-- capstone.testcases.SearchProductTestcase -->
