<?xml version="1.0" encoding="UTF-8"?>
<!-- Generated by org.testng.reporters.JUnitReportReporter -->
<testsuite hostname="DESKTOP-U8K86ML" failures="0" tests="2" name="capstone.testcases.FeedbackTestCase" time="130.678" errors="0" timestamp="2023-06-21T16:10:55 IST" skipped="0">
  <testcase classname="capstone.testcases.FeedbackTestCase" name="DemoScenario" time="34.487"/>
  <system-out/>
  <testcase classname="capstone.testcases.FeedbackTestCase" name="DemoScenario" time="96.191"/>
  <system-out/>
</testsuite> <!-- capstone.testcases.FeedbackTestCase -->
